<?xml version="1.0" encoding="UTF-8"?>
<!-- Generated by org.testng.reporters.JUnitReportReporter -->
<testsuite skipped="0" hostname="WKWIN7028321" name="compareJSON.CompareJsonFile" tests="1" failures="0" timestamp="5 Mar 2020 16:54:31 GMT" time="0.238" errors="0">
  <testcase name="method1" time="0.238" classname="compareJSON.CompareJsonFile"/>
</testsuite> <!-- compareJSON.CompareJsonFile -->
