<?xml version="1.0" encoding="UTF-8"?>
<!-- Generated by org.testng.reporters.JUnitReportReporter -->
<testsuite skipped="0" hostname="WKWIN7028321" name="weather123.NewTest" tests="1" failures="0" timestamp="5 Mar 2020 14:41:55 GMT" time="9.111" errors="0">
  <testcase name="f" time="9.111" classname="weather123.NewTest"/>
</testsuite> <!-- weather123.NewTest -->
