<?xml version="1.0" encoding="UTF-8"?>
<!-- Generated by org.testng.reporters.JUnitReportReporter -->
<testsuite skipped="0" hostname="WKWIN7028321" name="weatherPOST.weatherAPI_POST" tests="1" failures="0" timestamp="9 Mar 2020 13:23:25 GMT" time="2.845" errors="0">
  <testcase name="test" time="2.845" classname="weatherPOST.weatherAPI_POST"/>
</testsuite> <!-- weatherPOST.weatherAPI_POST -->
