<?xml version="1.0" encoding="UTF-8"?>
<!-- Generated by org.testng.reporters.JUnitReportReporter -->
<testsuite skipped="0" hostname="WKWIN7028321" name="weather123.RegisterAPI_POST" tests="1" failures="0" timestamp="9 Mar 2020 08:17:41 GMT" time="3.379" errors="0">
  <testcase name="test" time="3.379" classname="weather123.RegisterAPI_POST"/>
</testsuite> <!-- weather123.RegisterAPI_POST -->
