<?xml version="1.0" encoding="UTF-8"?>
<!-- Generated by org.testng.reporters.JUnitReportReporter -->
<testsuite skipped="0" hostname="WKWIN7028321" name="weather123.WeatherAPI_POST" tests="1" failures="0" timestamp="7 Mar 2020 11:31:50 GMT" time="3.297" errors="0">
  <testcase name="WeatherDetails" time="3.297" classname="weather123.WeatherAPI_POST"/>
</testsuite> <!-- weather123.WeatherAPI_POST -->
