<?xml version="1.0" encoding="UTF-8"?>
<!-- Generated by org.testng.reporters.JUnitReportReporter -->
<testsuite skipped="0" hostname="WKWIN7028321" name="weatherPOST.RegisterAPI_POST" tests="1" failures="0" timestamp="9 Mar 2020 11:03:22 GMT" time="2.937" errors="0">
  <testcase name="test" time="2.937" classname="weatherPOST.RegisterAPI_POST"/>
</testsuite> <!-- weatherPOST.RegisterAPI_POST -->
