<?xml version="1.0" encoding="UTF-8"?>
<!-- Generated by org.testng.reporters.JUnitReportReporter -->
<testsuite skipped="0" hostname="WKWIN7028321" name="weather.GoogleAPI_Weather" tests="1" failures="0" timestamp="10 Jun 2019 09:09:57 GMT" time="2.232" errors="0">
  <testcase name="GetWeatherDetails" time="2.232" classname="weather.GoogleAPI_Weather"/>
</testsuite> <!-- weather.GoogleAPI_Weather -->
